<?xml version="1.0" encoding="utf-8"?><testsuites name="pytest tests"><testsuite name="pytest" errors="0" failures="0" skipped="0" tests="32" time="10.721" timestamp="2026-07-21T13:47:55.619288+00:00" hostname="agent-env-a4389842-bb99-44c8-8b7e-1b108880f04b"><testcase classname="tests.test_iter7_p0_and_new_abilities.TestP0FreshCharacterHometown" name="test_race_seeded_in_home[human-expected0]" time="0.690" /><testcase classname="tests.test_iter7_p0_and_new_abilities.TestP0FreshCharacterHometown" name="test_race_seeded_in_home[orc-expected1]" time="0.470" /><testcase classname="tests.test_iter7_p0_and_new_abilities.TestP0BossActionInBiomes" name="test_boss_action_present[ashen_border-boss_ashen_lord]" time="0.799" /><testcase classname="tests.test_iter7_p0_and_new_abilities.TestP0BossActionInBiomes" name="test_boss_action_present[demonfall_crater-boss_demon_warleader]" time="0.246" /><testcase classname="tests.test_iter7_p0_and_new_abilities.TestP0BossActionInBiomes" name="test_boss_action_present[diplomats_highlands-boss_amber_diplomat]" time="0.121" /><testcase classname="tests.test_iter7_p0_and_new_abilities.TestP0FreshCharacterHometown" name="test_race_seeded_in_home[half_elf-expected2]" time="0.546" /><testcase classname="tests.test_iter7_p0_and_new_abilities.TestP0BossActionInBiomes" name="test_boss_action_present[deep_forges-boss_forge_golem]" time="0.077" /><testcase classname="tests.test_iter7_p0_and_new_abilities.TestP0BossActionInBiomes" name="test_boss_action_present[starfall_cliffs-boss_starfall_avatar]" time="0.076" /><testcase classname="tests.test_iter7_p0_and_new_abilities.TestP0BossActionInBiomes" name="test_boss_action_present[ancient_den-boss_alpha_king]" time="0.317" /><testcase classname="tests.test_iter7_p0_and_new_abilities.TestP0BossActionInBiomes" name="test_boss_action_present[abyssal_trench-boss_leviathan]" time="0.073" /><testcase classname="tests.test_iter7_p0_and_new_abilities.TestP0FreshCharacterHometown" name="test_race_seeded_in_home[dwarf-expected3]" time="0.399" /><testcase classname="tests.test_iter7_p0_and_new_abilities.TestP0BossActionInBiomes" name="test_boss_action_present[elderroot_hollow-boss_thorn_guardian]" time="0.077" /><testcase classname="tests.test_iter7_p0_and_new_abilities.TestP0BossActionInBiomes" name="test_post_action_boss_not_400_not_available" time="0.287" /><testcase classname="tests.test_iter7_p0_and_new_abilities.TestRacialStatusForAllRaces" name="test_race_returns_one_ability[human-human_focus]" time="0.660" /><testcase classname="tests.test_iter7_p0_and_new_abilities.TestP0FreshCharacterHometown" name="test_race_seeded_in_home[elf-expected4]" time="0.632" /><testcase classname="tests.test_iter7_p0_and_new_abilities.TestRacialStatusForAllRaces" name="test_race_returns_one_ability[dwarf-dwarf_field_repair]" time="0.698" /><testcase classname="tests.test_iter7_p0_and_new_abilities.TestP0FreshCharacterHometown" name="test_race_seeded_in_home[wildblood-expected5]" time="0.612" /><testcase classname="tests.test_iter7_p0_and_new_abilities.TestP0FreshCharacterHometown" name="test_race_seeded_in_home[hyliondrian-expected6]" time="0.606" /><testcase classname="tests.test_iter7_p0_and_new_abilities.TestRacialStatusForAllRaces" name="test_race_returns_one_ability[orc-orc_break_chain]" time="0.596" /><testcase classname="tests.test_iter7_p0_and_new_abilities.TestP0FreshCharacterHometown" name="test_race_seeded_in_home[sylvan-expected7]" time="0.596" /><testcase classname="tests.test_iter7_p0_and_new_abilities.TestRacialStatusForAllRaces" name="test_race_returns_one_ability[elf-elf_celestial_shift]" time="0.645" /><testcase classname="tests.test_iter7_p0_and_new_abilities.TestP0FreshCharacterHometown" name="test_orc_reputation_friendly_in_mushkara" time="0.606" /><testcase classname="tests.test_iter7_p0_and_new_abilities.TestRacialStatusForAllRaces" name="test_race_returns_one_ability[half_elf-halfelf_attunement]" time="0.624" /><testcase classname="tests.test_iter7_p0_and_new_abilities.TestElfCelestialShift" name="test_activate_heals_purges_and_cds" time="0.779" /><testcase classname="tests.test_iter7_p0_and_new_abilities.TestRacialStatusForAllRaces" name="test_race_returns_one_ability[wildblood-wildblood_bloodrage]" time="0.693" /><testcase classname="tests.test_iter7_p0_and_new_abilities.TestHalfelfAttunement" name="test_activate_applies_buff_and_cds" time="0.710" /><testcase classname="tests.test_iter7_p0_and_new_abilities.TestRacialStatusForAllRaces" name="test_race_returns_one_ability[hyliondrian-hyliondrian_tidal_grace]" time="0.651" /><testcase classname="tests.test_iter7_p0_and_new_abilities.TestRacialStatusForAllRaces" name="test_race_returns_one_ability[sylvan-sylvan_shrink]" time="0.656" /><testcase classname="tests.test_iter7_p0_and_new_abilities.TestWildbloodBloodrage" name="test_activate_applies_buff" time="0.694" /><testcase classname="tests.test_iter7_p0_and_new_abilities.TestSylvanShrinkToggle" name="test_toggle_on_off" time="0.927" /><testcase classname="tests.test_iter7_p0_and_new_abilities.TestHyliondrianTidalGrace" name="test_activate_heals_and_purges" time="0.671" /><testcase classname="tests.test_iter7_p0_and_new_abilities.TestRacialResourceAccumulation" name="test_wildblood_inner_blood_accumulates" time="1.633" /></testsuite></testsuites>