<?xml version="1.0" encoding="utf-8"?><testsuites name="pytest tests"><testsuite name="pytest" errors="0" failures="0" skipped="1" tests="27" time="7.178" timestamp="2026-07-21T13:48:11.203225+00:00" hostname="agent-env-a4389842-bb99-44c8-8b7e-1b108880f04b"><testcase classname="tests.test_phase_efg.TestNpcCatalog" name="test_lists_eight_flagship_npcs" time="0.618" /><testcase classname="tests.test_phase_efg.TestNpcCatalog" name="test_relationship_tiers_and_thresholds" time="0.077" /><testcase classname="tests.test_phase_efg.TestQuestAcceptGuards" name="test_accept_requires_being_in_npcs_town" time="0.744" /><testcase classname="tests.test_phase_efg.TestNpcCatalog" name="test_get_single_npc" time="0.072" /><testcase classname="tests.test_phase_efg.TestQuestAcceptGuards" name="test_accept_requires_tier" time="0.065" /><testcase classname="tests.test_phase_efg.TestNpcCatalog" name="test_get_unknown_npc" time="0.109" /><testcase classname="tests.test_phase_efg.TestQuestAcceptGuards" name="test_accept_requires_prior_chain_done" time="0.682" /><testcase classname="tests.test_phase_efg.TestRacialStatusEndpoint" name="test_human_returns_focus" time="0.283" /><testcase classname="tests.test_phase_efg.TestRacialStatusEndpoint" name="test_dwarf_returns_field_repair" time="0.477" /><testcase classname="tests.test_phase_efg.TestQuestAcceptGuards" name="test_accept_unknown_quest" time="0.066" /><testcase classname="tests.test_phase_efg.TestRacialAbilityUse" name="test_human_focus_activate" time="0.137" /><testcase classname="tests.test_phase_efg.TestRacialStatusEndpoint" name="test_orc_returns_break_chain" time="0.709" /><testcase classname="tests.test_phase_efg.TestRacialAbilityUse" name="test_dwarf_field_repair_heals_and_strips_bleeding" time="0.718" /><testcase classname="tests.test_phase_efg.TestRacialStatusEndpoint" name="test_other_races_have_active_abilities" time="3.491" /><testcase classname="tests.test_phase_efg.TestRacialAbilityUse" name="test_orc_break_chain_requires_defiance" time="0.646" /><testcase classname="tests.test_phase_efg.TestQuestActionEngineHooks" name="test_accept_ansel_q2_and_progress" time="0.065" /><testcase classname="tests.test_phase_efg.TestQuestActionEngineHooks" name="test_hunt_bumps_quest_progress" time="1.871"><skipped type="pytest.skip" message="Could not force outcome&gt;=4 to bump kill counter in 20 tries (likely bad-luck streak; not a code bug).">/app/backend/tests/test_phase_efg.py:255: Could not force outcome&gt;=4 to bump kill counter in 20 tries (likely bad-luck streak; not a code bug).</skipped></testcase><testcase classname="tests.test_phase_efg.TestBossCatalog" name="test_list_bosses" time="0.072" /><testcase classname="tests.test_phase_efg.TestBossCatalog" name="test_boss_action_in_biome_actions" time="0.068" /><testcase classname="tests.test_phase_efg.TestRegionalMarketPrices" name="test_iron_ore_buy_in_valeria_is_1_4x" time="0.069" /><testcase classname="tests.test_phase_efg.TestRegionalMarketPrices" name="test_iron_ore_buy_in_mushkara_is_0_75x" time="0.751" /><testcase classname="tests.test_phase_efg.TestCrossContinentRecipes" name="test_list_recipes" time="0.069" /><testcase classname="tests.test_phase_efg.TestCrossContinentRecipes" name="test_craft_legendary_missing_materials" time="0.070" /><testcase classname="tests.test_phase_efg.TestErethonAnselQuestState" name="test_ansel_quest_states" time="0.067" /><testcase classname="tests.test_phase_efg.TestCrossContinentRecipes" name="test_craft_legendary_unknown_recipe" time="0.109" /><testcase classname="tests.test_phase_efg.TestNewCharacterSeed" name="test_new_char_seed" time="0.501" /><testcase classname="tests.test_phase_efg.TestRelationshipMath" name="test_relationship_tier_thresholds" time="0.077" /></testsuite></testsuites>