<?xml version="1.0" encoding="utf-8"?><testsuites name="pytest tests"><testsuite name="pytest" errors="0" failures="0" skipped="0" tests="10" time="2.543" timestamp="2026-07-21T09:46:58.056097+00:00" hostname="agent-env-a4389842-bb99-44c8-8b7e-1b108880f04b"><testcase classname="tests.test_phase2_towns_aspects.TestTownVisitGating" name="test_visit_ironhold_same_continent_success" time="0.742" /><testcase classname="tests.test_phase2_towns_aspects.TestTownVisitGating" name="test_visit_town_wrong_continent_403" time="0.044" /><testcase classname="tests.test_phase2_towns_aspects.TestPhase2StaticData" name="test_beast_aspects_returns_5" time="0.859" /><testcase classname="tests.test_phase2_towns_aspects.TestTownVisitGating" name="test_visit_unknown_town_404" time="0.044" /><testcase classname="tests.test_phase2_towns_aspects.TestAspectPersistence" name="test_wildblood_character_saves_beast_aspect" time="0.447" /><testcase classname="tests.test_phase2_towns_aspects.TestPhase2StaticData" name="test_marine_adaptations_returns_6" time="0.042" /><testcase classname="tests.test_phase2_towns_aspects.TestPhase2StaticData" name="test_towns_returns_14_two_per_continent" time="0.252" /><testcase classname="tests.test_phase2_towns_aspects.TestPhase2StaticData" name="test_continents_7_each_has_4_biomes" time="0.043" /><testcase classname="tests.test_phase2_towns_aspects.TestAspectPersistence" name="test_hyliondrian_character_saves_marine_adaptation" time="0.435" /><testcase classname="tests.test_phase2_towns_aspects.TestAspectPersistence" name="test_non_wildblood_non_hyliondrian_ignores_aspects" time="0.372" /></testsuite></testsuites>