<?xml version="1.0" encoding="utf-8"?><testsuites name="pytest tests"><testsuite name="pytest" errors="0" failures="1" skipped="1" tests="27" time="5.757" timestamp="2026-07-21T12:55:01.330772+00:00" hostname="agent-env-a4389842-bb99-44c8-8b7e-1b108880f04b"><testcase classname="tests.test_phase_efg.TestNpcCatalog" name="test_lists_eight_flagship_npcs" time="0.684" /><testcase classname="tests.test_phase_efg.TestQuestAcceptGuards" name="test_accept_requires_being_in_npcs_town" time="0.755" /><testcase classname="tests.test_phase_efg.TestNpcCatalog" name="test_relationship_tiers_and_thresholds" time="0.061" /><testcase classname="tests.test_phase_efg.TestNpcCatalog" name="test_get_single_npc" time="0.061" /><testcase classname="tests.test_phase_efg.TestQuestAcceptGuards" name="test_accept_requires_tier" time="0.047" /><testcase classname="tests.test_phase_efg.TestQuestAcceptGuards" name="test_accept_requires_prior_chain_done" time="0.668" /><testcase classname="tests.test_phase_efg.TestNpcCatalog" name="test_get_unknown_npc" time="0.049" /><testcase classname="tests.test_phase_efg.TestRacialStatusEndpoint" name="test_human_returns_focus" time="0.268" /><testcase classname="tests.test_phase_efg.TestRacialStatusEndpoint" name="test_dwarf_returns_field_repair" time="0.440" /><testcase classname="tests.test_phase_efg.TestQuestAcceptGuards" name="test_accept_unknown_quest" time="0.043" /><testcase classname="tests.test_phase_efg.TestRacialAbilityUse" name="test_human_focus_activate" time="0.096" /><testcase classname="tests.test_phase_efg.TestRacialStatusEndpoint" name="test_orc_returns_break_chain" time="0.604" /><testcase classname="tests.test_phase_efg.TestRacialAbilityUse" name="test_dwarf_field_repair_heals_and_strips_bleeding" time="0.665" /><testcase classname="tests.test_phase_efg.TestRacialStatusEndpoint" name="test_other_races_empty" time="2.828" /><testcase classname="tests.test_phase_efg.TestRacialAbilityUse" name="test_orc_break_chain_requires_defiance" time="0.575" /><testcase classname="tests.test_phase_efg.TestQuestActionEngineHooks" name="test_accept_ansel_q2_and_progress" time="0.090" /><testcase classname="tests.test_phase_efg.TestQuestActionEngineHooks" name="test_hunt_bumps_quest_progress" time="0.194" /><testcase classname="tests.test_phase_efg.TestBossCatalog" name="test_list_bosses" time="0.046" /><testcase classname="tests.test_phase_efg.TestBossCatalog" name="test_boss_action_in_biome_actions" time="0.047"><failure message="AssertionError: expected 'boss' action, got ['loot_ruins', 'hunt', 'gather']&#10;assert 'boss' in ['loot_ruins', 'hunt', 'gather']">backend/tests/test_phase_efg.py:417: in test_boss_action_in_biome_actions
    assert "boss" in action_ids, f"expected 'boss' action, got {action_ids}"
E   AssertionError: expected 'boss' action, got ['loot_ruins', 'hunt', 'gather']
E   assert 'boss' in ['loot_ruins', 'hunt', 'gather']</failure></testcase><testcase classname="tests.test_phase_efg.TestRegionalMarketPrices" name="test_iron_ore_buy_in_valeria_is_1_4x" time="0.051" /><testcase classname="tests.test_phase_efg.TestRegionalMarketPrices" name="test_iron_ore_buy_in_mushkara_is_0_75x" time="0.601"><skipped type="pytest.skip" message="orc did not start in grunhold: current_town=None">/app/backend/tests/test_phase_efg.py:483: orc did not start in grunhold: current_town=None</skipped></testcase><testcase classname="tests.test_phase_efg.TestErethonAnselQuestState" name="test_ansel_quest_states" time="0.047" /><testcase classname="tests.test_phase_efg.TestNewCharacterSeed" name="test_new_char_seed" time="0.542" /><testcase classname="tests.test_phase_efg.TestRelationshipMath" name="test_relationship_tier_thresholds" time="0.054" /><testcase classname="tests.test_phase_efg.TestCrossContinentRecipes" name="test_list_recipes" time="0.062" /><testcase classname="tests.test_phase_efg.TestCrossContinentRecipes" name="test_craft_legendary_missing_materials" time="0.051" /><testcase classname="tests.test_phase_efg.TestCrossContinentRecipes" name="test_craft_legendary_unknown_recipe" time="0.053" /></testsuite></testsuites>