<?xml version="1.0" encoding="utf-8"?><testsuites name="pytest tests"><testsuite name="pytest" errors="0" failures="0" skipped="1" tests="24" time="4.218" timestamp="2026-07-21T12:10:39.956072+00:00" hostname="agent-env-a4389842-bb99-44c8-8b7e-1b108880f04b"><testcase classname="tests.test_phase_bcd_canon.TestCanonStaticData" name="test_continents_11_total_and_ids" time="0.435" /><testcase classname="tests.test_phase_bcd_canon.TestCanonStaticData" name="test_accessible_continents_have_home_race" time="0.062" /><testcase classname="tests.test_phase_bcd_canon.TestCanonStaticData" name="test_locked_continents_are_locked" time="0.054" /><testcase classname="tests.test_phase_bcd_canon.TestCanonStaticData" name="test_towns_14_and_membership" time="0.055" /><testcase classname="tests.test_phase_bcd_canon.TestExistingCharacterMigration" name="test_erethon_on_canon" time="0.064" /><testcase classname="tests.test_phase_bcd_canon.TestCharacterCreationHomelands" name="test_sylvan_lands_in_daw_ul_talalu" time="0.493" /><testcase classname="tests.test_phase_bcd_canon.TestCharacterCreationHomelands" name="test_dwarf_lands_in_khardrum" time="0.468" /><testcase classname="tests.test_phase_bcd_canon.TestCharacterCreationHomelands" name="test_hyliondrian_lands_in_hylion" time="0.467" /><testcase classname="tests.test_phase_bcd_canon.TestTeleporter" name="test_destinations_shape" time="0.048" /><testcase classname="tests.test_phase_bcd_canon.TestTeleporter" name="test_travel_locked_continent_returns_403" time="0.106" /><testcase classname="tests.test_phase_bcd_canon.TestTeleporter" name="test_travel_same_continent_returns_400" time="0.092" /><testcase classname="tests.test_phase_bcd_canon.TestTeleporter" name="test_teleporter_travel_cooldown_and_fee" time="0.572" /><testcase classname="tests.test_phase_bcd_canon.TestTeleporter" name="test_erethon_teleport_hop_and_cooldown" time="0.116"><skipped type="pytest.skip" message="Not on home continent for cooldown test; skipping.">/app/backend/tests/test_phase_bcd_canon.py:316: Not on home continent for cooldown test; skipping.</skipped></testcase><testcase classname="tests.test_phase_bcd_canon.TestWaystones" name="test_16_waystones_2_per_continent" time="0.162" /><testcase classname="tests.test_phase_bcd_canon.TestWaystones" name="test_discover_requires_correct_biome" time="0.068" /><testcase classname="tests.test_phase_bcd_canon.TestWaystones" name="test_activate_requires_discovery" time="0.056" /><testcase classname="tests.test_phase_bcd_canon.TestReputation" name="test_reputation_shape" time="0.047" /><testcase classname="tests.test_phase_bcd_canon.TestProfessions" name="test_catalog_has_19_professions_by_kind" time="0.058" /><testcase classname="tests.test_phase_bcd_canon.TestProfessions" name="test_mine_returns_learned_professions" time="0.044" /><testcase classname="tests.test_phase_bcd_canon.TestProfessions" name="test_cannot_learn_duplicate_profession" time="0.093" /><testcase classname="tests.test_phase_bcd_canon.TestProfessions" name="test_slot_limit_blocks_learning_beyond_slots" time="0.138" /><testcase classname="tests.test_phase_bcd_canon.TestExploration" name="test_exploration_returns_current_continent_biomes" time="0.046" /><testcase classname="tests.test_phase_bcd_canon.TestExploration" name="test_explore_action_returns_explore_hits_field" time="0.098" /><testcase classname="tests.test_phase_bcd_canon.TestProfessionXpGain" name="test_hunt_grants_hunting_xp" time="0.271" /></testsuite></testsuites>