<?xml version="1.0" encoding="utf-8"?><testsuites name="pytest tests"><testsuite name="pytest" errors="0" failures="0" skipped="0" tests="7" time="2.506" timestamp="2026-07-21T10:49:45.466663+00:00" hostname="agent-env-a4389842-bb99-44c8-8b7e-1b108880f04b"><testcase classname="tests.test_weary_and_tooltips.TestStaticStatusTemplates" name="test_no_exhausted_in_templates" time="0.003" /><testcase classname="tests.test_weary_and_tooltips.TestStaticStatusTemplates" name="test_resolve_action_random_pool_uses_weary" time="0.022" /><testcase classname="tests.test_weary_and_tooltips.TestStaticStatusTemplates" name="test_tick_helper_decrements_and_drops" time="0.453" /><testcase classname="tests.test_weary_and_tooltips.TestNoExhaustedOnAnyCharacter" name="test_seed_user_has_no_exhausted_status" time="0.575" /><testcase classname="tests.test_weary_and_tooltips.TestWildbloodWearyLifecycle" name="test_exhaustion_meter_independent_from_weary" time="1.040" /><testcase classname="tests.test_weary_and_tooltips.TestWildbloodWearyLifecycle" name="test_action_tick_expires_statuses" time="0.837" /><testcase classname="tests.test_weary_and_tooltips.TestWildbloodWearyLifecycle" name="test_exhaustion_meter_bounded_and_numeric" time="0.041" /></testsuite></testsuites>