<?xml version="1.0" encoding="utf-8"?><testsuites name="pytest tests"><testsuite name="pytest" errors="0" failures="1" skipped="0" tests="32" time="10.343" timestamp="2026-07-21T05:52:21.092360+00:00" hostname="agent-env-a4389842-bb99-44c8-8b7e-1b108880f04b"><testcase classname="tests.backend_test.TestAuth" name="test_register_and_me" time="0.654" /><testcase classname="tests.backend_test.TestStaticData" name="test_races_returns_8" time="0.699" /><testcase classname="tests.backend_test.TestAuth" name="test_register_duplicate_email_409" time="0.134" /><testcase classname="tests.backend_test.TestStaticData" name="test_roles" time="0.047" /><testcase classname="tests.backend_test.TestStaticData" name="test_masteries" time="0.045" /><testcase classname="tests.backend_test.TestStaticData" name="test_portraits_40" time="0.045" /><testcase classname="tests.backend_test.TestStaticData" name="test_continents_7" time="0.043" /><testcase classname="tests.backend_test.TestStaticData" name="test_biome_actions" time="0.044" /><testcase classname="tests.backend_test.TestStaticData" name="test_items_have_6_rarities" time="0.045" /><testcase classname="tests.backend_test.TestStaticData" name="test_skills_recipes_teachers_monsters" time="0.176" /><testcase classname="tests.backend_test.TestCharacterCreation" name="test_create_human_character" time="0.364" /><testcase classname="tests.backend_test.TestCharacterCreation" name="test_create_human_without_oath_400" time="0.371" /><testcase classname="tests.backend_test.TestCharacterCreation" name="test_create_duplicate_character_409" time="0.049" /><testcase classname="tests.backend_test.TestCharacterCreation" name="test_get_character" time="0.062" /><testcase classname="tests.backend_test.TestActions" name="test_gather_returns_narrative_and_rewards" time="0.059" /><testcase classname="tests.backend_test.TestActions" name="test_travel_updates_biome" time="0.044" /><testcase classname="tests.backend_test.TestActions" name="test_travel_locked_continent_403" time="0.044" /><testcase classname="tests.backend_test.TestOthers" name="test_daily_claim_incomplete_400" time="0.090" /><testcase classname="tests.backend_test.TestOthers" name="test_leaderboard" time="0.051" /><testcase classname="tests.backend_test.TestOthers" name="test_world_events" time="0.044" /><testcase classname="tests.backend_test.TestCombat" name="test_combat_start_and_turn" time="0.137" /><testcase classname="tests.backend_test.TestCombat" name="test_combat_invalid_monster" time="0.083" /><testcase classname="tests.backend_test.TestCrafting" name="test_craft_missing_materials_400" time="0.082" /><testcase classname="tests.backend_test.TestCrafting" name="test_craft_iron_dagger_after_seeding_materials" time="1.144" /><testcase classname="tests.backend_test.TestSkills" name="test_learn_skill_invalid_teacher" time="0.044"><failure message="assert 409 == 404&#10; +  where 409 = &lt;Response [409]&gt;.status_code">backend/tests/backend_test.py:282: in test_learn_skill_invalid_teacher
    assert r.status_code == 404
E   assert 409 == 404
E    +  where 409 = &lt;Response [409]&gt;.status_code</failure></testcase><testcase classname="tests.backend_test.TestSkills" name="test_learn_skill_level_req" time="0.043" /><testcase classname="tests.backend_test.TestEquip" name="test_equip_weapon_from_inventory" time="0.047" /><testcase classname="tests.backend_test.TestEquip" name="test_equip_wrong_slot_400" time="0.043" /><testcase classname="tests.backend_test.TestLogout" name="test_logout_clears_cookies" time="0.833" /><testcase classname="tests.backend_test.TestAuth" name="test_login_success" time="8.545" /><testcase classname="tests.backend_test.TestAuth" name="test_login_invalid" time="0.386" /><testcase classname="tests.backend_test.TestAuth" name="test_me_unauthenticated_401" time="0.098" /></testsuite></testsuites>